\BOOKMARK [1][-]{section.1}{Lecture - September 3, 2014}{}% 1
\BOOKMARK [1][-]{section.1}{Lecture - September 3, 2014}{}% 2
\BOOKMARK [2][-]{subsection.1.1}{Definitions}{section.1}% 3
\BOOKMARK [2][-]{subsection.1.2}{Energy and Forces}{section.1}% 4
\BOOKMARK [1][-]{section.2}{Lecture - September 5, 2014}{}% 5
\BOOKMARK [1][-]{section.2}{Lecture - September 5, 2014}{}% 6
\BOOKMARK [2][-]{subsection.2.1}{Two examples of work}{section.2}% 7
\BOOKMARK [2][-]{subsection.2.2}{Practice}{section.2}% 8
\BOOKMARK [2][-]{subsection.2.3}{Heat}{section.2}% 9
\BOOKMARK [1][-]{section.3}{Lecture - September 8, 2014}{}% 10
\BOOKMARK [1][-]{section.3}{Lecture - September 8, 2014}{}% 11
\BOOKMARK [2][-]{subsection.3.1}{Today}{section.3}% 12
\BOOKMARK [2][-]{subsection.3.2}{We need another energy function}{section.3}% 13
\BOOKMARK [1][-]{section.4}{Lecture - September 9, 2014}{}% 14
\BOOKMARK [1][-]{section.4}{Lecture - September 9, 2014}{}% 15
\BOOKMARK [2][-]{subsection.4.1}{Different types of processes}{section.4}% 16
\BOOKMARK [2][-]{subsection.4.2}{Quasistatic Piston}{section.4}% 17
\BOOKMARK [1][-]{section.5}{Lecture - September 10, 2014}{}% 18
\BOOKMARK [1][-]{section.5}{Lecture - September 10, 2014}{}% 19
\BOOKMARK [2][-]{subsection.5.1}{Consequences of the 2nd law:}{section.5}% 20
\BOOKMARK [2][-]{subsection.5.2}{The 3rd law}{section.5}% 21
\BOOKMARK [1][-]{section.6}{Lecture - September 12, 2014}{}% 22
\BOOKMARK [1][-]{section.6}{Lecture - September 12, 2014}{}% 23
\BOOKMARK [2][-]{subsection.6.1}{Mathematical Properties of U}{section.6}% 24
\BOOKMARK [2][-]{subsection.6.2}{An open and isolated system}{section.6}% 25
\BOOKMARK [2][-]{subsection.6.3}{Mechanical Equilibrium}{section.6}% 26
\BOOKMARK [2][-]{subsection.6.4}{Chemical Reactions}{section.6}% 27
\BOOKMARK [1][-]{section.7}{Lecture - September 15, 2014}{}% 28
\BOOKMARK [1][-]{section.7}{Lecture - September 15, 2014}{}% 29
\BOOKMARK [2][-]{subsection.7.1}{Equilibrium under the most general conditions}{section.7}% 30
\BOOKMARK [2][-]{subsection.7.2}{Assumptions}{section.7}% 31
\BOOKMARK [2][-]{subsection.7.3}{Different Energies}{section.7}% 32
\BOOKMARK [1][-]{section.8}{Lecture - September 17, 2014}{}% 33
\BOOKMARK [1][-]{section.8}{Lecture - September 17, 2014}{}% 34
\BOOKMARK [2][-]{subsection.8.1}{Magnetic Systems}{section.8}% 35
\BOOKMARK [2][-]{subsection.8.2}{Very useful relationships of f\(x,y\)}{section.8}% 36
\BOOKMARK [2][-]{subsection.8.3}{Example: A rod under tension}{section.8}% 37
\BOOKMARK [2][-]{subsection.8.4}{Strategy to reduce variables}{section.8}% 38
\BOOKMARK [2][-]{subsection.8.5}{Natural Variables}{section.8}% 39
\BOOKMARK [1][-]{section.9}{Lecture - September 24, 2014}{}% 40
\BOOKMARK [1][-]{section.9}{Lecture - September 24, 2014}{}% 41
\BOOKMARK [2][-]{subsection.9.1}{Intro. to multicomponent systems}{section.9}% 42
\BOOKMARK [2][-]{subsection.9.2}{Gibbs Phase rule}{section.9}% 43
\BOOKMARK [2][-]{subsection.9.3}{Phase stability}{section.9}% 44
\BOOKMARK [1][-]{section.10}{Lecture - September 25, 2014}{}% 45
\BOOKMARK [1][-]{section.10}{Lecture - September 25, 2014}{}% 46
\BOOKMARK [2][-]{subsection.10.1}{Ehrenfest classification of T}{section.10}% 47
\BOOKMARK [2][-]{subsection.10.2}{Determining Phase Diagrams}{section.10}% 48
\BOOKMARK [2][-]{subsection.10.3}{Example: solid to liquid transition}{section.10}% 49
\BOOKMARK [2][-]{subsection.10.4}{Le Chatelier Principle}{section.10}% 50
\BOOKMARK [1][-]{section.11}{Lecture - September 26, 2014}{}% 51
\BOOKMARK [1][-]{section.11}{Lecture - September 26, 2014}{}% 52
\BOOKMARK [2][-]{subsection.11.1}{Le Chatelier-Braun principle}{section.11}% 53
\BOOKMARK [2][-]{subsection.11.2}{Generalization of Clausius-Clapeyron}{section.11}% 54
\BOOKMARK [2][-]{subsection.11.3}{Magnetic-induced phase transformation}{section.11}% 55
\BOOKMARK [2][-]{subsection.11.4}{Thermoplasticity}{section.11}% 56
\BOOKMARK [2][-]{subsection.11.5}{EXAM 1 MATERIAL ENDS HERE}{section.11}% 57
\BOOKMARK [1][-]{section.12}{Lecture - September 29, 2014}{}% 58
\BOOKMARK [1][-]{section.12}{Lecture - September 29, 2014}{}% 59
\BOOKMARK [2][-]{subsection.12.1}{Open Systems}{section.12}% 60
\BOOKMARK [2][-]{subsection.12.2}{Molar Volume}{section.12}% 61
\BOOKMARK [1][-]{section.13}{Readings}{}% 62
\BOOKMARK [1][-]{section.13}{Readings}{}% 63
\BOOKMARK [2][-]{subsection.13.1}{First-Order Phase Transitions \(Callen Ch. 9\)}{section.13}% 64
\BOOKMARK [1][-]{section.14}{Things to memorize for Test 1}{}% 65
\BOOKMARK [1][-]{section.14}{Things to memorize for Test 1}{}% 66
\BOOKMARK [2][-]{subsection.14.1}{Definitions}{section.14}% 67
\BOOKMARK [2][-]{subsection.14.2}{Thermodynamic Laws}{section.14}% 68
\BOOKMARK [2][-]{subsection.14.3}{All the heat capacities, expansion coefficients, etc.}{section.14}% 69
\BOOKMARK [2][-]{subsection.14.4}{Maxwell Relations}{section.14}% 70
\BOOKMARK [2][-]{subsection.14.5}{Gibbs-Duhem}{section.14}% 71
\BOOKMARK [2][-]{subsection.14.6}{Internal energy U, enthalpy H, Helmholtz F, and Gibbs G}{section.14}% 72
\BOOKMARK [2][-]{subsection.14.7}{Legendre Transforms:}{section.14}% 73
\BOOKMARK [2][-]{subsection.14.8}{Some useful math identities:}{section.14}% 74
\BOOKMARK [2][-]{subsection.14.9}{Carnot Engines:}{section.14}% 75
\BOOKMARK [2][-]{subsection.14.10}{Le Chatelier-Braun principle}{section.14}% 76
\BOOKMARK [2][-]{subsection.14.11}{Clausius-Clapeyron:}{section.14}% 77
\BOOKMARK [2][-]{subsection.14.12}{Raoult's Law:}{section.14}% 78
\BOOKMARK [2][-]{subsection.14.13}{Phase changes:}{section.14}% 79
\BOOKMARK [2][-]{subsection.14.14}{Joule-Thompson Expansion \(Throttling\)}{section.14}% 80
\BOOKMARK [2][-]{subsection.14.15}{Material Properties \(useful 2nd derivatives of energy functions\):}{section.14}% 81
\BOOKMARK [2][-]{subsection.14.16}{Random constants we may need to know:}{section.14}% 82
\BOOKMARK [1][-]{section.15}{Lecture - October 6, 2014}{}% 83
\BOOKMARK [1][-]{section.15}{Lecture - October 6, 2014}{}% 84
\BOOKMARK [2][-]{subsection.15.1}{Statistical Mechanics}{section.15}% 85
\BOOKMARK [2][-]{subsection.15.2}{Fundamental Combinatorial Formula}{section.15}% 86
\BOOKMARK [2][-]{subsection.15.3}{Ensembles - Collection of Identical Systems}{section.15}% 87
\BOOKMARK [1][-]{section.16}{Lecture - October 8, 2014}{}% 88
\BOOKMARK [1][-]{section.16}{Lecture - October 8, 2014}{}% 89
\BOOKMARK [2][-]{subsection.16.1}{Definitions}{section.16}% 90
\BOOKMARK [2][-]{subsection.16.2}{Ensembles}{section.16}% 91
\BOOKMARK [2][-]{subsection.16.3}{LaGrange Method of Undetermined Multipliers}{section.16}% 92
\BOOKMARK [2][-]{subsection.16.4}{Canonical Ensemble}{section.16}% 93
\BOOKMARK [1][-]{section.17}{Lecture - October 17, 2014}{}% 94
\BOOKMARK [1][-]{section.17}{Lecture - October 17, 2014}{}% 95
\BOOKMARK [2][-]{subsection.17.1}{Monatomic ideal gas}{section.17}% 96
